<?xml version="1.0" encoding="UTF-8"?>
<testng-results ignored="0" total="2" passed="2" failed="0" skipped="0">
  <reporter-output>
    <line>
      <![CDATA[Login successfully executed]]>
    </line>
    <line>
      <![CDATA[<a target="_blank" href="C:\Toshiba\Tbackground.jpg">Screenshot</a>]]>
    </line>
  </reporter-output>
  <suite started-at="2019-02-06T18:35:41Z" name="Data Driven Basics" finished-at="2019-02-06T18:35:47Z" duration-ms="6506">
    <groups>
    </groups>
    <test started-at="2019-02-06T18:35:41Z" name="Bank Manager Login Test" finished-at="2019-02-06T18:35:42Z" duration-ms="730">
      <class name="testcases.BankManagerLoginTest">
        <test-method signature="loginAsBankManager()[pri:0, instance:testcases.BankManagerLoginTest@97e93f1]" started-at="2019-02-06T18:35:41Z" name="loginAsBankManager" finished-at="2019-02-06T18:35:41Z" duration-ms="335" status="PASS">
          <reporter-output>
            <line>
              <![CDATA[Login successfully executed]]>
            </line>
            <line>
              <![CDATA[<a target="_blank" href="C:\Toshiba\Tbackground.jpg">Screenshot</a>]]>
            </line>
          </reporter-output>
        </test-method> <!-- loginAsBankManager -->
      </class> <!-- testcases.BankManagerLoginTest -->
    </test> <!-- Bank Manager Login Test -->
    <test started-at="2019-02-06T18:35:42Z" name="Add Customer Test" finished-at="2019-02-06T18:35:47Z" duration-ms="5729">
      <class name="testcases.AddCustomerTest">
        <test-method is-config="true" signature="setUp()[pri:0, instance:testcases.AddCustomerTest@169bb4dd]" started-at="2019-02-06T18:35:34Z" name="setUp" finished-at="2019-02-06T18:35:41Z" duration-ms="6609" status="PASS">
          <reporter-output>
          </reporter-output>
        </test-method> <!-- setUp -->
        <test-method signature="addCustomer(java.lang.String, java.lang.String, java.lang.String, java.lang.String)[pri:0, instance:testcases.AddCustomerTest@169bb4dd]" started-at="2019-02-06T18:35:42Z" name="addCustomer" data-provider="getData" finished-at="2019-02-06T18:35:47Z" duration-ms="5606" status="PASS">
          <params>
            <param index="0">
              <value>
                <![CDATA[Leon]]>
              </value>
            </param>
            <param index="1">
              <value>
                <![CDATA[Ushar]]>
              </value>
            </param>
            <param index="2">
              <value>
                <![CDATA[109388]]>
              </value>
            </param>
            <param index="3">
              <value>
                <![CDATA[Customer added successfully with customer id]]>
              </value>
            </param>
          </params>
          <reporter-output>
          </reporter-output>
        </test-method> <!-- addCustomer -->
        <test-method is-config="true" signature="tearDown()[pri:0, instance:testcases.AddCustomerTest@169bb4dd]" started-at="2019-02-06T18:35:47Z" name="tearDown" finished-at="2019-02-06T18:35:50Z" duration-ms="2721" status="PASS">
          <reporter-output>
          </reporter-output>
        </test-method> <!-- tearDown -->
      </class> <!-- testcases.AddCustomerTest -->
    </test> <!-- Add Customer Test -->
  </suite> <!-- Data Driven Basics -->
</testng-results>
